<?xml version="1.0" encoding="UTF-8"?>
<testng-results ignored="0" total="1" passed="1" failed="0" skipped="0">
  <reporter-output>
  </reporter-output>
  <suite started-at="2025-05-17T19:12:34 AEST" name="Surefire suite" finished-at="2025-05-17T19:12:41 AEST" duration-ms="6885">
    <groups>
    </groups>
    <test started-at="2025-05-17T19:12:34 AEST" name="Surefire test" finished-at="2025-05-17T19:12:41 AEST" duration-ms="6885">
      <class name="tests.LoginTest">
        <test-method is-config="true" signature="setUp()[pri:0, instance:tests.LoginTest@3c9d0b9d]" started-at="2025-05-17T19:12:34 AEST" name="setUp" finished-at="2025-05-17T19:12:40 AEST" duration-ms="5577" status="PASS">
          <reporter-output>
          </reporter-output>
        </test-method> <!-- setUp -->
        <test-method signature="validLogin()[pri:0, instance:tests.LoginTest@3c9d0b9d]" started-at="2025-05-17T19:12:40 AEST" name="validLogin" finished-at="2025-05-17T19:12:41 AEST" duration-ms="1021" status="PASS">
          <reporter-output>
          </reporter-output>
        </test-method> <!-- validLogin -->
        <test-method is-config="true" signature="tearDown()[pri:0, instance:tests.LoginTest@3c9d0b9d]" started-at="2025-05-17T19:12:41 AEST" name="tearDown" finished-at="2025-05-17T19:12:41 AEST" duration-ms="244" status="PASS">
          <reporter-output>
          </reporter-output>
        </test-method> <!-- tearDown -->
      </class> <!-- tests.LoginTest -->
    </test> <!-- Surefire test -->
  </suite> <!-- Surefire suite -->
</testng-results>
