<?xml version="1.0" encoding="UTF-8"?>
<testng-results ignored="0" total="2" passed="2" failed="0" skipped="0">
  <reporter-output>
  </reporter-output>
  <suite started-at="2025-06-12T21:32:01 AEST" name="Suite" finished-at="2025-06-12T21:32:13 AEST" duration-ms="12108">
    <groups>
    </groups>
    <test started-at="2025-06-12T21:32:01 AEST" name="Test" finished-at="2025-06-12T21:32:13 AEST" duration-ms="12108">
      <class name="tests.LoginTest">
        <test-method is-config="true" signature="setUp()[pri:0, instance:tests.LoginTest@43195e57]" started-at="2025-06-12T21:32:01 AEST" name="setUp" finished-at="2025-06-12T21:32:06 AEST" duration-ms="4715" status="PASS">
          <reporter-output>
          </reporter-output>
        </test-method> <!-- setUp -->
        <test-method signature="isDahboardDisplay()[pri:0, instance:tests.LoginTest@43195e57]" started-at="2025-06-12T21:32:06 AEST" name="isDahboardDisplay" finished-at="2025-06-12T21:32:08 AEST" duration-ms="1943" status="PASS">
          <reporter-output>
          </reporter-output>
        </test-method> <!-- isDahboardDisplay -->
        <test-method is-config="true" signature="takeScreenshot(org.testng.ITestResult)[pri:0, instance:tests.LoginTest@43195e57]" started-at="2025-06-12T21:32:08 AEST" name="takeScreenshot" finished-at="2025-06-12T21:32:08 AEST" duration-ms="10" status="PASS">
          <params>
            <param index="0">
              <value>
                <![CDATA[[TestResult name=isDahboardDisplay status=SUCCESS method=LoginTest.isDahboardDisplay()[pri:0, instance:tests.LoginTest@43195e57] output={null}]]]>
              </value>
            </param>
          </params>
          <reporter-output>
          </reporter-output>
        </test-method> <!-- takeScreenshot -->
        <test-method is-config="true" signature="tearDown()[pri:0, instance:tests.LoginTest@43195e57]" started-at="2025-06-12T21:32:08 AEST" name="tearDown" finished-at="2025-06-12T21:32:08 AEST" duration-ms="350" status="PASS">
          <reporter-output>
          </reporter-output>
        </test-method> <!-- tearDown -->
        <test-method is-config="true" signature="setUp()[pri:0, instance:tests.LoginTest@43195e57]" started-at="2025-06-12T21:32:08 AEST" name="setUp" finished-at="2025-06-12T21:32:11 AEST" duration-ms="2577" status="PASS">
          <reporter-output>
          </reporter-output>
        </test-method> <!-- setUp -->
        <test-method signature="validLogin()[pri:0, instance:tests.LoginTest@43195e57]" started-at="2025-06-12T21:32:11 AEST" name="validLogin" finished-at="2025-06-12T21:32:13 AEST" duration-ms="1972" status="PASS">
          <reporter-output>
          </reporter-output>
        </test-method> <!-- validLogin -->
        <test-method is-config="true" signature="takeScreenshot(org.testng.ITestResult)[pri:0, instance:tests.LoginTest@43195e57]" started-at="2025-06-12T21:32:13 AEST" name="takeScreenshot" finished-at="2025-06-12T21:32:13 AEST" duration-ms="1" status="PASS">
          <params>
            <param index="0">
              <value>
                <![CDATA[[TestResult name=validLogin status=SUCCESS method=LoginTest.validLogin()[pri:0, instance:tests.LoginTest@43195e57] output={null}]]]>
              </value>
            </param>
          </params>
          <reporter-output>
          </reporter-output>
        </test-method> <!-- takeScreenshot -->
        <test-method is-config="true" signature="tearDown()[pri:0, instance:tests.LoginTest@43195e57]" started-at="2025-06-12T21:32:13 AEST" name="tearDown" finished-at="2025-06-12T21:32:13 AEST" duration-ms="426" status="PASS">
          <reporter-output>
          </reporter-output>
        </test-method> <!-- tearDown -->
      </class> <!-- tests.LoginTest -->
    </test> <!-- Test -->
  </suite> <!-- Suite -->
</testng-results>
