<?xml version="1.0" encoding="UTF-8"?>
<testng-results ignored="1" total="2" passed="1" failed="0" skipped="0">
  <reporter-output>
  </reporter-output>
  <suite started-at="2025-06-11T13:26:42 AEST" name="Default suite" finished-at="2025-06-11T13:26:50 AEST" duration-ms="7126">
    <groups>
    </groups>
    <test started-at="2025-06-11T13:26:42 AEST" name="Default test" finished-at="2025-06-11T13:26:50 AEST" duration-ms="7126">
      <class name="tests.LoginTest">
        <test-method is-config="true" signature="setUp()[pri:0, instance:tests.LoginTest@51399530]" started-at="2025-06-11T13:26:42 AEST" name="setUp" finished-at="2025-06-11T13:26:48 AEST" duration-ms="5695" status="PASS">
          <reporter-output>
          </reporter-output>
        </test-method> <!-- setUp -->
        <test-method signature="validLogin()[pri:0, instance:tests.LoginTest@51399530]" started-at="2025-06-11T13:26:48 AEST" name="validLogin" finished-at="2025-06-11T13:26:49 AEST" duration-ms="1087" status="PASS">
          <reporter-output>
          </reporter-output>
        </test-method> <!-- validLogin -->
        <test-method is-config="true" signature="takeScreenshot(org.testng.ITestResult)[pri:0, instance:tests.LoginTest@51399530]" started-at="2025-06-11T13:26:49 AEST" name="takeScreenshot" finished-at="2025-06-11T13:26:49 AEST" duration-ms="3" status="PASS">
          <params>
            <param index="0">
              <value>
                <![CDATA[[TestResult name=validLogin status=SUCCESS method=LoginTest.validLogin()[pri:0, instance:tests.LoginTest@51399530] output={null}]]]>
              </value>
            </param>
          </params>
          <reporter-output>
          </reporter-output>
        </test-method> <!-- takeScreenshot -->
        <test-method is-config="true" signature="tearDown()[pri:0, instance:tests.LoginTest@51399530]" started-at="2025-06-11T13:26:49 AEST" name="tearDown" finished-at="2025-06-11T13:26:50 AEST" duration-ms="290" status="PASS">
          <reporter-output>
          </reporter-output>
        </test-method> <!-- tearDown -->
      </class> <!-- tests.LoginTest -->
    </test> <!-- Default test -->
  </suite> <!-- Default suite -->
</testng-results>
